<?xml version="1.0" encoding="UTF-8"?>
<testsuite xmlns:xsi="http://www.w3.org/2001/XMLSchema-instance" xsi:noNamespaceSchemaLocation="https://maven.apache.org/surefire/maven-surefire-plugin/xsd/surefire-test-report-3.0.xsd" version="3.0" name="helpers.CollectionManagerTest" time="0.079" tests="10" errors="0" skipped="0" failures="0">
  <properties>
[...]
</properties>
  <testcase name="testAdd" classname="helpers.CollectionManagerTest" time="0.042"/>
  <testcase name="testClear" classname="helpers.CollectionManagerTest" time="0.001"/>
  <testcase name="testHelp" classname="helpers.CollectionManagerTest" time="0.001">
    <system-out><![CDATA[help : вывести справку по доступным командам
info : вывести в стандартный поток вывода информацию о коллекции (тип, дата инициализации, количество элементов и т.д.)

]]></system-out>
  </testcase>
  <testcase name="testInfo" classname="helpers.CollectionManagerTest" time="0.001">
    <system-out><![CDATA[Тип коллекции: TreeSet
Время инициализации: 20/03/2025 - 03:46
Количество элементов: 1

]]></system-out>
  </testcase>
  <testcase name="testRemoveLower" classname="helpers.CollectionManagerTest" time="0.003">
    <system-out><![CDATA[Создание элемента
1 элемент(а) удалено
]]></system-out>
  </testcase>
  <testcase name="testRemoveGreater" classname="helpers.CollectionManagerTest" time="0.001"/>
  <testcase name="testAddIfMax" classname="helpers.CollectionManagerTest" time="0.001">
    <system-out><![CDATA[ID элемента не превышает значение наибольшего элемента этой коллекции
Элемент не был добавлен
]]></system-out>
  </testcase>
  <testcase name="testShowNonEmptyCollection" classname="helpers.CollectionManagerTest" time="0.011">
    <system-out><![CDATA[Космический десантник id: 7055313365327103576 имя: name координаты: (1, 2)  время создания: 20/03/2025 - 03:46 показатель здоровья: 100.0 количество сердец: 3 тип десантника: HELIX тип оружия: MANREAPER орден: name количество десантников: 1

]]></system-out>
  </testcase>
  <testcase name="testShowEmptyCollection" classname="helpers.CollectionManagerTest" time="0.001">
    <system-out><![CDATA[Коллекция пустая
]]></system-out>
  </testcase>
  <testcase name="testPrintFieldAscendingHealth" classname="helpers.CollectionManagerTest" time="0.001">
    <system-out><![CDATA[1.0 2.0 3.0 
]]></system-out>
  </testcase>
</testsuite>